<?xml version="1.0" encoding="UTF-8"?>
<!-- Generated by org.testng.reporters.JUnitXMLReporter -->
<testsuite hostname="DESKTOP-PJ9IJJ7" ignored="0" name="Default test" tests="3" failures="0" timestamp="21 Jul 2021 08:30:06 GMT" time="12.463" errors="0">
  <testcase name="testLoginAPIWithInvalidCredentials" time="6.067" classname="com.jakartalabs.ShareMay2021.APITests"/>
  <testcase name="testLoginAPI" time="4.54" classname="com.jakartalabs.ShareMay2021.APITests"/>
  <testcase name="testDashboardAPI" time="1.769" classname="com.jakartalabs.ShareMay2021.APITests"/>
</testsuite> <!-- Default test -->
