<?xml version="1.0" encoding="UTF-8"?>
<!-- Generated by org.testng.reporters.JUnitXMLReporter -->
<testsuite hostname="DESKTOP-PJ9IJJ7" ignored="0" name="Web Test - remote" tests="3" failures="0" timestamp="22 Jul 2021 02:27:54 GMT" time="16.321" errors="0">
  <testcase name="testLoginAPIWithInvalidCredentials" time="8.037" classname="com.jakartalabs.ShareMay2021.APITests"/>
  <testcase name="testLoginAPI" time="6.178" classname="com.jakartalabs.ShareMay2021.APITests"/>
  <testcase name="testDashboardAPI" time="2.016" classname="com.jakartalabs.ShareMay2021.APITests"/>
</testsuite> <!-- Web Test - remote -->
