<?xml version="1.0" encoding="UTF-8"?>
<testng-results skipped="0" failed="0" ignored="0" total="3" passed="3">
  <reporter-output>
  </reporter-output>
  <suite name="Web Test Suite" duration-ms="17874" started-at="2021-07-21T10:02:05Z" finished-at="2021-07-21T10:02:23Z">
    <groups>
    </groups>
    <test name="Web Test - remote" duration-ms="17874" started-at="2021-07-21T10:02:05Z" finished-at="2021-07-21T10:02:23Z">
      <class name="com.jakartalabs.ShareMay2021.APITests">
        <test-method status="PASS" signature="testLoginAPIWithInvalidCredentials()[pri:0, instance:com.jakartalabs.ShareMay2021.APITests@201b6b6f]" name="testLoginAPIWithInvalidCredentials" duration-ms="8930" started-at="2021-07-21T10:02:06Z" finished-at="2021-07-21T10:02:15Z">
          <reporter-output>
          </reporter-output>
        </test-method> <!-- testLoginAPIWithInvalidCredentials -->
        <test-method status="PASS" signature="testLoginAPI()[pri:1, instance:com.jakartalabs.ShareMay2021.APITests@201b6b6f]" name="testLoginAPI" duration-ms="6911" started-at="2021-07-21T10:02:15Z" finished-at="2021-07-21T10:02:21Z">
          <reporter-output>
          </reporter-output>
        </test-method> <!-- testLoginAPI -->
        <test-method status="PASS" signature="testDashboardAPI()[pri:2, instance:com.jakartalabs.ShareMay2021.APITests@201b6b6f]" name="testDashboardAPI" duration-ms="1904" started-at="2021-07-21T10:02:21Z" finished-at="2021-07-21T10:02:23Z">
          <reporter-output>
          </reporter-output>
        </test-method> <!-- testDashboardAPI -->
      </class> <!-- com.jakartalabs.ShareMay2021.APITests -->
    </test> <!-- Web Test - remote -->
  </suite> <!-- Web Test Suite -->
</testng-results>
